<?xml version="1.0" encoding="UTF-8"?>
<testsuite xmlns:xsi="http://www.w3.org/2001/XMLSchema-instance" xsi:noNamespaceSchemaLocation="https://maven.apache.org/surefire/maven-surefire-plugin/xsd/surefire-test-report-3.0.xsd" version="3.0" name="cucumber.runner.MainRunner" time="20.61" tests="2" errors="1" skipped="0" failures="0">
  <properties>
[...]
</properties>
  <testcase name="I login the website with invalid username and invalid password-1 for parallel testing #1" classname="Login Feature" time="8.4">
    <system-out><![CDATA[
@smoke
Scenario Outline: I login the website with invalid username and invalid password-1 for parallel testing # src/test/java/cucumber/features/login.feature:11
hay
  Given Browser is open                                                                                 # cucumber.steps.LoginSteps.browserIsOpen()
  And I am on the login page                                                                            # cucumber.steps.LoginSteps.iAmOnTheLoginPage()
  When I try to login with "sadiki@ayoub.com" and "11223344"                                            # cucumber.steps.LoginSteps.iTryToLoginWithAnd(java.lang.String,java.lang.String)
  Then I verify invalid login message                                                                   # cucumber.steps.LoginSteps.iVerifyInvalidLoginMessage()
]]></system-out>
    <system-err><![CDATA[SLF4J: Failed to load class "org.slf4j.impl.StaticLoggerBinder".
SLF4J: Defaulting to no-operation (NOP) logger implementation
SLF4J: See http://www.slf4j.org/codes.html#StaticLoggerBinder for further details.
Starting ChromeDriver 111.0.5563.64 (c710e93d5b63b7095afe8c2c17df34408078439d-refs/branch-heads/5563@{#995}) on port 5605
Only local connections are allowed.
Please see https://chromedriver.chromium.org/security-considerations for suggestions on keeping ChromeDriver safe.
ChromeDriver was started successfully.
[1682256741.710][WARNING]: This version of ChromeDriver has not been tested with Chrome version 112.
avr. 23, 2023 1:32:21 PM org.openqa.selenium.devtools.CdpVersionFinder findNearestMatch
WARNING: Unable to find an exact match for CDP version 112, so returning the closest version found: 111
]]></system-err>
  </testcase>
  <testcase name="I login the website with invalid username and invalid password-1 for parallel testing #2" classname="Login Feature" time="7.235">
    <error message="The step &apos;I verify invalsid login message&apos; is undefined.&#10;You can implement this step using the snippet(s) below:&#10;&#10;@Then(&quot;I verify invalsid login message&quot;)&#10;public void i_verify_invalsid_login_message() {&#10;    // Write code here that turns the phrase above into concrete actions&#10;    throw new io.cucumber.java.PendingException();&#10;}&#10;" type="io.cucumber.junit.UndefinedStepException"><![CDATA[io.cucumber.junit.UndefinedStepException: 
The step 'I verify invalsid login message' is undefined.
You can implement this step using the snippet(s) below:

@Then("I verify invalsid login message")
public void i_verify_invalsid_login_message() {
    // Write code here that turns the phrase above into concrete actions
    throw new io.cucumber.java.PendingException();
}

]]></error>
    <system-out><![CDATA[
@smoke
Scenario Outline: I login the website with invalid username and invalid password-1 for parallel testing # src/test/java/cucumber/features/login.feature:21
hay
  Given Browser is open                                                                                 # cucumber.steps.LoginSteps.browserIsOpen()
  And I am on the login page                                                                            # cucumber.steps.LoginSteps.iAmOnTheLoginPage()
  When I try to login with "sadiki@ayoub.com" and "11223344"                                            # cucumber.steps.LoginSteps.iTryToLoginWithAnd(java.lang.String,java.lang.String)
  Then I verify invalsid login message
]]></system-out>
    <system-err><![CDATA[Starting ChromeDriver 111.0.5563.64 (c710e93d5b63b7095afe8c2c17df34408078439d-refs/branch-heads/5563@{#995}) on port 14520
Only local connections are allowed.
Please see https://chromedriver.chromium.org/security-considerations for suggestions on keeping ChromeDriver safe.
ChromeDriver was started successfully.
[1682256749.104][WARNING]: This version of ChromeDriver has not been tested with Chrome version 112.
avr. 23, 2023 1:32:29 PM org.openqa.selenium.devtools.CdpVersionFinder findNearestMatch
WARNING: Unable to find an exact match for CDP version 112, so returning the closest version found: 111
]]></system-err>
  </testcase>
</testsuite>