<?xml version="1.0" encoding="UTF-8" standalone="no"?>
<testsuite errors="0" failures="1" name="io.cucumber.core.plugin.JUnitFormatter" skipped="0" tests="2" time="14.622">
    <testcase classname="Login Feature" name="I login the website with invalid username and invalid password-1 for parallel testing" time="7.72">
        <system-out><![CDATA[Given Browser is open.......................................................passed
And I am on the login page..................................................passed
When I try to login with "sadiki@ayoub.com" and "11223344"..................passed
Then I verify invalid login message.........................................passed
]]></system-out>
    </testcase>
    <testcase classname="Login Feature" name="I login the website with invalid username and invalid password-1 for parallel testing 2" time="6.586">
        <failure message="The scenario has pending or undefined step(s)" type="java.lang.Exception"><![CDATA[Given Browser is open.......................................................passed
And I am on the login page..................................................passed
When I try to login with "sadiki@ayoub.com" and "11223344"..................passed
Then I verify invalid losgin message........................................undefined
]]></failure>
    </testcase>
</testsuite>
